TN:
SF:src/util.js
FN:2,log
FNF:1
FNH:1
FNDA:5,log
DA:1,1
DA:2,5
DA:3,5
DA:4,5
DA:5,5
DA:6,1
DA:7,1
DA:8,1
DA:9,1
LF:9
LH:9
BRDA:2,0,0,5
BRF:1
BRH:1
end_of_record
TN:
SF:src/streamComponents/csvtondjson.js
FN:5,<instance_members_initializer>
FN:10,CSVToNDJSON
FN:19,#updateBuffer
FN:60,_transform
FN:72,_final
FNF:5
FNH:5
FNDA:2,<instance_members_initializer>
FNDA:2,CSVToNDJSON
FNDA:3,#updateBuffer
FNDA:2,_transform
FNDA:2,_final
DA:1,1
DA:2,1
DA:3,1
DA:4,1
DA:5,1
DA:6,2
DA:7,2
DA:8,2
DA:9,2
DA:10,2
DA:11,2
DA:12,2
DA:13,2
DA:14,2
DA:15,2
DA:16,2
DA:17,2
DA:18,2
DA:19,2
DA:20,3
DA:21,3
DA:22,3
DA:23,3
DA:24,3
DA:25,3
DA:26,3
DA:27,3
DA:28,3
DA:29,9
DA:30,9
DA:31,9
DA:32,6
DA:33,6
DA:34,6
DA:35,6
DA:36,6
DA:37,6
DA:38,6
DA:39,6
DA:40,6
DA:41,6
DA:42,6
DA:43,6
DA:44,9
DA:45,6
DA:46,6
DA:47,9
DA:48,14
DA:49,14
DA:50,14
DA:51,12
DA:52,12
DA:53,12
DA:54,9
DA:55,4
DA:56,4
DA:57,4
DA:58,4
DA:59,3
DA:60,2
DA:61,2
DA:62,2
DA:63,3
DA:64,3
DA:65,2
DA:66,2
DA:67,2
DA:68,2
DA:69,2
DA:70,2
DA:71,2
DA:72,2
DA:73,2
DA:74,1
DA:75,1
DA:76,1
DA:77,1
DA:78,1
DA:79,1
DA:80,1
DA:81,2
LF:81
LH:81
BRDA:5,0,0,2
BRDA:10,1,0,2
BRDA:19,2,0,3
BRDA:28,3,0,9
BRDA:31,4,0,3
BRDA:31,5,0,6
BRDA:44,6,0,0
BRDA:44,7,0,6
BRDA:47,8,0,14
BRDA:50,9,0,2
BRDA:50,10,0,12
BRDA:53,11,0,6
BRDA:54,12,0,7
BRDA:54,13,0,2
BRDA:54,14,0,4
BRDA:60,15,0,2
BRDA:62,16,0,3
BRDA:72,17,0,2
BRDA:73,18,0,1
BRF:19
BRH:18
end_of_record
TN:
SF:src/streamComponents/reporter.js
FN:5,<instance_members_initializer>
FN:7,Reporter
FN:11,#onData
FN:20,progress
FNF:4
FNH:4
FNDA:3,<instance_members_initializer>
FNDA:3,Reporter
FNDA:3,#onData
FNDA:3,progress
DA:1,1
DA:2,1
DA:3,1
DA:4,1
DA:5,1
DA:6,3
DA:7,3
DA:8,3
DA:9,3
DA:10,3
DA:11,3
DA:12,3
DA:13,3
DA:14,21
DA:15,21
DA:16,21
DA:17,21
DA:18,21
DA:19,3
DA:20,3
DA:21,3
DA:22,3
DA:23,3
DA:24,3
DA:25,3
DA:26,3
LF:26
LH:26
BRDA:5,0,0,3
BRDA:7,1,0,3
BRDA:11,2,0,3
BRDA:13,3,0,21
BRDA:20,4,0,3
BRDA:23,5,0,3
BRF:6
BRH:6
end_of_record
